C:\Program Files (x86)\Microsoft Visual Studio\2019\Community\MSBuild\Microsoft\VC\v160\Microsoft.CppBuild.targets(519,5): warning MSB8028: The intermediate directory (Debug\) contains files shared from another project (Projeto_SO2.vcxproj).  This can lead to incorrect clean and rebuild behavior.
  control.c
C:\Users\trava\OneDrive\Área de Trabalho\ProjetoSO2\Projeto_SO2\control.c(22,12): warning C4101: 'posY': unreferenced local variable
C:\Users\trava\OneDrive\Área de Trabalho\ProjetoSO2\Projeto_SO2\control.c(22,6): warning C4101: 'posX': unreferenced local variable
C:\Users\trava\OneDrive\Área de Trabalho\ProjetoSO2\Projeto_SO2\control.c(21,7): warning C4101: 'airportname': unreferenced local variable
C:\Users\trava\OneDrive\Área de Trabalho\ProjetoSO2\Projeto_SO2\control.c(128,13): warning C4473: 'wscanf_s' : not enough arguments passed for format string
C:\Users\trava\OneDrive\Área de Trabalho\ProjetoSO2\Projeto_SO2\control.c(128,13): message : placeholders and their parameters expect 2 variadic arguments, but 1 were provided
C:\Users\trava\OneDrive\Área de Trabalho\ProjetoSO2\Projeto_SO2\control.c(128,13): message : the missing variadic argument 2 is required by format string '%[^\n]'
C:\Users\trava\OneDrive\Área de Trabalho\ProjetoSO2\Projeto_SO2\control.c(128,13): message : this argument is used as a buffer size
C:\Users\trava\OneDrive\Área de Trabalho\ProjetoSO2\Projeto_SO2\control.c(130,36): warning C4133: 'function': incompatible types - from 'char [11]' to 'const wchar_t *'
C:\Users\trava\OneDrive\Área de Trabalho\ProjetoSO2\Projeto_SO2\control.c(131,29): warning C4020: 'AddAirport': too many actual parameters
C:\Users\trava\OneDrive\Área de Trabalho\ProjetoSO2\Projeto_SO2\control.c(134,37): warning C4133: 'function': incompatible types - from 'char [12]' to 'const wchar_t *'
C:\Users\trava\OneDrive\Área de Trabalho\ProjetoSO2\Projeto_SO2\control.c(137,38): warning C4133: 'function': incompatible types - from 'char [13]' to 'const wchar_t *'
C:\Users\trava\OneDrive\Área de Trabalho\ProjetoSO2\Projeto_SO2\control.c(140,36): warning C4133: 'function': incompatible types - from 'char [11]' to 'const wchar_t *'
C:\Users\trava\OneDrive\Área de Trabalho\ProjetoSO2\Projeto_SO2\control.c(144,30): warning C4133: 'function': incompatible types - from 'char [5]' to 'const wchar_t *'
C:\Users\trava\OneDrive\Área de Trabalho\ProjetoSO2\Projeto_SO2\control.c(149,34): warning C4133: 'function': incompatible types - from 'char [5]' to 'const wchar_t *'
C:\Users\trava\OneDrive\Área de Trabalho\ProjetoSO2\Projeto_SO2\control.c(104,8): warning C4101: 'score': unreferenced local variable
C:\Users\trava\OneDrive\Área de Trabalho\ProjetoSO2\Projeto_SO2\control.c(69): warning C4716: 'ResgtryChange': must return a value
C:\Users\trava\OneDrive\Área de Trabalho\ProjetoSO2\Projeto_SO2\control.c(93): warning C4715: 'Registry': not all control paths return a value
  Projeto_SO2.vcxproj -> C:\Users\trava\OneDrive\Área de Trabalho\ProjetoSO2\Debug\Controlador.exe
